<?xml version="1.0" encoding="UTF-8"?>
<!-- Generated by org.testng.reporters.JUnitReportReporter -->
<testsuite hostname="Laptop-Kalyan" failures="0" tests="2" name="NewTest" time="0.009" errors="0" timestamp="17 Aug 2018 19:48:08 GMT" skipped="0">
  <testcase classname="NewTest" name="f" time="0.003"/>
  <testcase classname="NewTest" name="F" time="0.006"/>
</testsuite> <!-- NewTest -->
