<?xml version="1.0" encoding="UTF-8"?>
<!-- Generated by org.testng.reporters.JUnitReportReporter -->
<testsuite hostname="Laptop-Kalyan" failures="0" tests="1" name="testing.MercTestNg" time="0.007" errors="0" timestamp="18 Aug 2018 21:28:51 GMT" skipped="0">
  <testcase classname="testing.MercTestNg" name="f" time="0.007"/>
</testsuite> <!-- testing.MercTestNg -->
